[k=17] prefix   1/100 done | 1.0% | partial=323508230 | elapsed=2195.9s | eta=217391.5s
[k=17] prefix   2/100 done | 2.0% | partial=323334246 | elapsed=2199.3s | eta=107764.7s
[k=17] prefix   3/100 done | 3.0% | partial=324450747 | elapsed=2206.0s | eta=71328.5s
[k=17] prefix   4/100 done | 4.0% | partial=322796317 | elapsed=2210.1s | eta=53042.9s
[k=17] prefix   5/100 done | 5.0% | partial=324033921 | elapsed=2224.0s | eta=42255.2s
[k=17] prefix   6/100 done | 6.0% | partial=324009594 | elapsed=2231.1s | eta=34953.6s
[k=17] prefix   7/100 done | 7.0% | partial=324359189 | elapsed=2236.4s | eta=29712.2s
[k=17] prefix   8/100 done | 8.0% | partial=325829499 | elapsed=2237.6s | eta=25732.9s
[k=17] prefix   9/100 done | 9.0% | partial=325109048 | elapsed=2242.4s | eta=22673.2s
[k=17] prefix  10/100 done | 10.0% | partial=324819777 | elapsed=2242.8s | eta=20185.1s
[k=17] prefix  11/100 done | 11.0% | partial=324042255 | elapsed=2255.2s | eta=18246.4s
[k=17] prefix  12/100 done | 12.0% | partial=325400563 | elapsed=2256.7s | eta=16548.8s
[k=17] prefix  13/100 done | 13.0% | partial=323750094 | elapsed=2266.1s | eta=15165.4s
[k=17] prefix  14/100 done | 14.0% | partial=324740998 | elapsed=2269.0s | eta=13938.0s
[k=17] prefix  15/100 done | 15.0% | partial=323176545 | elapsed=2273.1s | eta=12880.7s
[k=17] prefix  16/100 done | 16.0% | partial=324066025 | elapsed=2283.2s | eta=11986.6s
[k=17] prefix  17/100 done | 17.0% | partial=323035927 | elapsed=4447.2s | eta=21713.0s
[k=17] prefix  18/100 done | 18.0% | partial=323793290 | elapsed=4458.6s | eta=20311.4s
[k=17] prefix  19/100 done | 19.0% | partial=323358162 | elapsed=4465.9s | eta=19038.6s
[k=17] prefix  20/100 done | 20.0% | partial=318250329 | elapsed=4466.5s | eta=17866.2s
[k=17] prefix  21/100 done | 21.0% | partial=323040296 | elapsed=4468.0s | eta=16808.2s
[k=17] prefix  22/100 done | 22.0% | partial=322840364 | elapsed=4469.0s | eta=15844.8s
[k=17] prefix  23/100 done | 23.0% | partial=322779960 | elapsed=4472.4s | eta=14972.9s
[k=17] prefix  24/100 done | 24.0% | partial=319870444 | elapsed=4482.9s | eta=14195.8s
[k=17] prefix  25/100 done | 25.0% | partial=318230243 | elapsed=4483.4s | eta=13450.3s
[k=17] prefix  26/100 done | 26.0% | partial=321825354 | elapsed=4484.8s | eta=12764.4s
[k=17] prefix  27/100 done | 27.0% | partial=322313358 | elapsed=4487.7s | eta=12133.5s
[k=17] prefix  28/100 done | 28.0% | partial=322309186 | elapsed=4491.6s | eta=11549.8s
[k=17] prefix  29/100 done | 29.0% | partial=319246216 | elapsed=4523.2s | eta=11073.9s
[k=17] prefix  30/100 done | 30.0% | partial=319328127 | elapsed=4528.0s | eta=10565.4s
[k=17] prefix  31/100 done | 31.0% | partial=319952594 | elapsed=4533.1s | eta=10089.8s
[k=17] prefix  32/100 done | 32.0% | partial=318610056 | elapsed=4534.3s | eta=9635.5s
[k=17] prefix  33/100 done | 33.0% | partial=317925520 | elapsed=6674.6s | eta=13551.4s
[k=17] prefix  34/100 done | 34.0% | partial=318634948 | elapsed=6717.0s | eta=13038.9s
[k=17] prefix  35/100 done | 35.0% | partial=319327480 | elapsed=6719.6s | eta=12479.3s
[k=17] prefix  36/100 done | 36.0% | partial=319415443 | elapsed=6722.7s | eta=11951.4s
[k=17] prefix  37/100 done | 37.0% | partial=318107449 | elapsed=6724.9s | eta=11450.5s
[k=17] prefix  38/100 done | 38.0% | partial=319894976 | elapsed=6728.9s | eta=10978.7s
[k=17] prefix  39/100 done | 39.0% | partial=318797621 | elapsed=6730.4s | eta=10527.0s
[k=17] prefix  40/100 done | 40.0% | partial=319575267 | elapsed=6747.5s | eta=10121.2s
[k=17] prefix  41/100 done | 41.0% | partial=318053507 | elapsed=6749.2s | eta=9712.2s
[k=17] prefix  42/100 done | 42.0% | partial=318759118 | elapsed=6751.5s | eta=9323.5s
[k=17] prefix  43/100 done | 43.0% | partial=318105318 | elapsed=6752.4s | eta=8950.8s
[k=17] prefix  44/100 done | 44.0% | partial=317433486 | elapsed=6764.0s | eta=8608.8s
[k=17] prefix  45/100 done | 45.0% | partial=317650062 | elapsed=6773.4s | eta=8278.6s
[k=17] prefix  46/100 done | 46.0% | partial=318938386 | elapsed=6777.9s | eta=7956.7s
[k=17] prefix  47/100 done | 47.0% | partial=318575687 | elapsed=6787.8s | eta=7654.3s
[k=17] prefix  48/100 done | 48.0% | partial=318952513 | elapsed=6801.6s | eta=7368.4s
[k=17] prefix  49/100 done | 49.0% | partial=317887554 | elapsed=8942.2s | eta=9307.1s
[k=17] prefix  50/100 done | 50.0% | partial=315138929 | elapsed=8957.7s | eta=8957.7s
[k=17] prefix  51/100 done | 51.0% | partial=316282199 | elapsed=8971.4s | eta=8619.6s
[k=17] prefix  52/100 done | 52.0% | partial=315830777 | elapsed=8983.5s | eta=8292.4s
[k=17] prefix  53/100 done | 53.0% | partial=317176117 | elapsed=8989.7s | eta=7972.0s
[k=17] prefix  54/100 done | 54.0% | partial=315387285 | elapsed=8996.3s | eta=7663.5s
[k=17] prefix  55/100 done | 55.0% | partial=315128671 | elapsed=9006.4s | eta=7368.9s
[k=17] prefix  56/100 done | 56.0% | partial=316578338 | elapsed=9011.6s | eta=7080.6s
[k=17] prefix  57/100 done | 57.0% | partial=316313445 | elapsed=9017.4s | eta=6802.6s
[k=17] prefix  58/100 done | 58.0% | partial=316051770 | elapsed=9019.3s | eta=6531.2s
[k=17] prefix  59/100 done | 59.0% | partial=315048771 | elapsed=9037.8s | eta=6280.5s
[k=17] prefix  60/100 done | 60.0% | partial=315711233 | elapsed=9041.0s | eta=6027.3s
[k=17] prefix  61/100 done | 61.0% | partial=316752038 | elapsed=9047.6s | eta=5784.6s
[k=17] prefix  62/100 done | 62.0% | partial=314869556 | elapsed=9048.3s | eta=5545.8s
[k=17] prefix  63/100 done | 63.0% | partial=315482780 | elapsed=9055.9s | eta=5318.5s
[k=17] prefix  64/100 done | 64.0% | partial=315081462 | elapsed=9068.3s | eta=5100.9s
[k=17] prefix  65/100 done | 65.0% | partial=314686161 | elapsed=11199.0s | eta=6030.2s
[k=17] prefix  66/100 done | 66.0% | partial=316702483 | elapsed=11230.0s | eta=5785.2s
[k=17] prefix  67/100 done | 67.0% | partial=315864302 | elapsed=11259.0s | eta=5545.5s
[k=17] prefix  68/100 done | 68.0% | partial=315139355 | elapsed=11260.8s | eta=5299.2s
[k=17] prefix  69/100 done | 69.0% | partial=316419746 | elapsed=11264.2s | eta=5060.7s
[k=17] prefix  70/100 done | 70.0% | partial=314479204 | elapsed=11274.8s | eta=4832.1s
[k=17] prefix  71/100 done | 71.0% | partial=316282847 | elapsed=11280.2s | eta=4607.4s
[k=17] prefix  72/100 done | 72.0% | partial=315845681 | elapsed=11286.3s | eta=4389.1s
[k=17] prefix  73/100 done | 73.0% | partial=316281559 | elapsed=11286.9s | eta=4174.6s
[k=17] prefix  74/100 done | 74.0% | partial=314289419 | elapsed=11298.7s | eta=3969.8s
[k=17] prefix  75/100 done | 75.0% | partial=313616137 | elapsed=11303.2s | eta=3767.7s
[k=17] prefix  76/100 done | 76.0% | partial=315108372 | elapsed=11312.8s | eta=3572.5s
[k=17] prefix  77/100 done | 77.0% | partial=313437157 | elapsed=11319.8s | eta=3381.3s
[k=17] prefix  78/100 done | 78.0% | partial=313170822 | elapsed=11339.5s | eta=3198.3s
[k=17] prefix  79/100 done | 79.0% | partial=313280068 | elapsed=11350.1s | eta=3017.1s
[k=17] prefix  80/100 done | 80.0% | partial=313148770 | elapsed=11363.3s | eta=2840.8s
[k=17] prefix  81/100 done | 81.0% | partial=313626423 | elapsed=13447.8s | eta=3154.4s
[k=17] prefix  82/100 done | 82.0% | partial=313899200 | elapsed=13465.7s | eta=2955.9s
[k=17] prefix  83/100 done | 83.0% | partial=313243800 | elapsed=13502.3s | eta=2765.5s
[k=17] prefix  84/100 done | 84.0% | partial=312907258 | elapsed=13512.6s | eta=2573.8s
[k=17] prefix  85/100 done | 85.0% | partial=313024203 | elapsed=13520.1s | eta=2385.9s
[k=17] prefix  86/100 done | 86.0% | partial=314193869 | elapsed=13538.2s | eta=2203.9s
[k=17] prefix  87/100 done | 87.0% | partial=312987797 | elapsed=13548.7s | eta=2024.5s
[k=17] prefix  88/100 done | 88.0% | partial=313471774 | elapsed=13555.2s | eta=1848.4s
[k=17] prefix  89/100 done | 89.0% | partial=313901941 | elapsed=13555.8s | eta=1675.4s
[k=17] prefix  90/100 done | 90.0% | partial=314129788 | elapsed=13565.6s | eta=1507.3s
[k=17] prefix  91/100 done | 91.0% | partial=314322663 | elapsed=13573.5s | eta=1342.4s
[k=17] prefix  92/100 done | 92.0% | partial=312695575 | elapsed=13575.8s | eta=1180.5s
[k=17] prefix  93/100 done | 93.0% | partial=313670542 | elapsed=13585.6s | eta=1022.6s
[k=17] prefix  94/100 done | 94.0% | partial=312540902 | elapsed=13587.3s | eta=867.3s
[k=17] prefix  95/100 done | 95.0% | partial=313096661 | elapsed=13612.5s | eta=716.4s
[k=17] prefix  96/100 done | 96.0% | partial=314161633 | elapsed=13623.3s | eta=567.6s
[k=17] prefix  97/100 done | 97.0% | partial=314194395 | elapsed=15084.0s | eta=466.5s
[k=17] prefix  98/100 done | 98.0% | partial=313777045 | elapsed=15094.8s | eta=308.1s
[k=17] prefix  99/100 done | 99.0% | partial=312415096 | elapsed=15130.9s | eta=152.8s
[k=17] prefix 100/100 done | 100.0% | partial=313160679 | elapsed=15135.3s | eta=0.0s
layer delta(17) = 31786251987
Wilson sanity: a(17)=40386401580 vs 40032305262 | rel=0.008768
RESULT a(17) = 40386401580 | elapsed=15135.268 s | backend=u128 | bases=12
