[k=17] prefix   1/100 done | 1.0% | partial=323508230 | elapsed=1241.8s | eta=122933.3s
[k=17] prefix   2/100 done | 2.0% | partial=324450747 | elapsed=1244.6s | eta=60987.5s
[k=17] prefix   3/100 done | 3.0% | partial=324033921 | elapsed=1244.8s | eta=40248.5s
[k=17] prefix   4/100 done | 4.0% | partial=322796317 | elapsed=1245.7s | eta=29897.1s
[k=17] prefix   5/100 done | 5.0% | partial=323334246 | elapsed=1246.4s | eta=23682.0s
[k=17] prefix   6/100 done | 6.0% | partial=324009594 | elapsed=1248.5s | eta=19560.3s
[k=17] prefix   7/100 done | 7.0% | partial=325109048 | elapsed=1251.2s | eta=16623.7s
[k=17] prefix   8/100 done | 8.0% | partial=324819777 | elapsed=1252.5s | eta=14403.4s
[k=17] prefix   9/100 done | 9.0% | partial=324359189 | elapsed=1252.7s | eta=12666.2s
[k=17] prefix  10/100 done | 10.0% | partial=324042255 | elapsed=1252.7s | eta=11274.6s
[k=17] prefix  11/100 done | 11.0% | partial=325829499 | elapsed=1252.7s | eta=10135.8s
[k=17] prefix  12/100 done | 12.0% | partial=323750094 | elapsed=1254.8s | eta=9201.6s
[k=17] prefix  13/100 done | 13.0% | partial=324066025 | elapsed=1255.5s | eta=8402.0s
[k=17] prefix  14/100 done | 14.0% | partial=324740998 | elapsed=1255.7s | eta=7713.3s
[k=17] prefix  15/100 done | 15.0% | partial=325400563 | elapsed=1256.3s | eta=7118.9s
[k=17] prefix  16/100 done | 16.0% | partial=323176545 | elapsed=1257.1s | eta=6599.8s
[k=17] prefix  17/100 done | 17.0% | partial=323793290 | elapsed=2485.3s | eta=12134.1s
[k=17] prefix  18/100 done | 18.0% | partial=323035927 | elapsed=2485.7s | eta=11323.5s
[k=17] prefix  19/100 done | 19.0% | partial=322840364 | elapsed=2486.5s | eta=10600.1s
[k=17] prefix  20/100 done | 20.0% | partial=323358162 | elapsed=2488.7s | eta=9954.7s
[k=17] prefix  21/100 done | 21.0% | partial=322313358 | elapsed=2488.9s | eta=9362.9s
[k=17] prefix  22/100 done | 22.0% | partial=323040296 | elapsed=2489.1s | eta=8824.9s
[k=17] prefix  23/100 done | 23.0% | partial=322779960 | elapsed=2490.7s | eta=8338.6s
[k=17] prefix  24/100 done | 24.0% | partial=321825354 | elapsed=2491.2s | eta=7888.9s
[k=17] prefix  25/100 done | 25.0% | partial=318250329 | elapsed=2491.6s | eta=7474.8s
[k=17] prefix  26/100 done | 26.0% | partial=322309186 | elapsed=2493.6s | eta=7097.1s
[k=17] prefix  27/100 done | 27.0% | partial=318230243 | elapsed=2495.3s | eta=6746.6s
[k=17] prefix  28/100 done | 28.0% | partial=319870444 | elapsed=2499.5s | eta=6427.4s
[k=17] prefix  29/100 done | 29.0% | partial=319246216 | elapsed=2503.8s | eta=6130.0s
[k=17] prefix  30/100 done | 30.0% | partial=318610056 | elapsed=2504.6s | eta=5844.1s
[k=17] prefix  31/100 done | 31.0% | partial=319328127 | elapsed=2504.7s | eta=5575.0s
[k=17] prefix  32/100 done | 32.0% | partial=319952594 | elapsed=2506.5s | eta=5326.4s
[k=17] prefix  33/100 done | 33.0% | partial=317925520 | elapsed=3723.1s | eta=7559.0s
[k=17] prefix  34/100 done | 34.0% | partial=318107449 | elapsed=3733.5s | eta=7247.5s
[k=17] prefix  35/100 done | 35.0% | partial=318634948 | elapsed=3733.7s | eta=6934.1s
[k=17] prefix  36/100 done | 36.0% | partial=319415443 | elapsed=3735.8s | eta=6641.3s
[k=17] prefix  37/100 done | 37.0% | partial=318105318 | elapsed=3738.1s | eta=6364.8s
[k=17] prefix  38/100 done | 38.0% | partial=319327480 | elapsed=3738.5s | eta=6099.6s
[k=17] prefix  39/100 done | 39.0% | partial=319894976 | elapsed=3738.5s | eta=5847.3s
[k=17] prefix  40/100 done | 40.0% | partial=318759118 | elapsed=3739.5s | eta=5609.3s
[k=17] prefix  41/100 done | 41.0% | partial=318797621 | elapsed=3740.2s | eta=5382.2s
[k=17] prefix  42/100 done | 42.0% | partial=317650062 | elapsed=3740.6s | eta=5165.5s
[k=17] prefix  43/100 done | 43.0% | partial=319575267 | elapsed=3743.7s | eta=4962.6s
[k=17] prefix  44/100 done | 44.0% | partial=317433486 | elapsed=3747.0s | eta=4769.0s
[k=17] prefix  45/100 done | 45.0% | partial=318053507 | elapsed=3747.5s | eta=4580.3s
[k=17] prefix  46/100 done | 46.0% | partial=318938386 | elapsed=3752.9s | eta=4405.6s
[k=17] prefix  47/100 done | 47.0% | partial=318575687 | elapsed=3754.9s | eta=4234.3s
[k=17] prefix  48/100 done | 48.0% | partial=318952513 | elapsed=3756.5s | eta=4069.6s
[k=17] prefix  49/100 done | 49.0% | partial=317887554 | elapsed=4970.8s | eta=5173.7s
[k=17] prefix  50/100 done | 50.0% | partial=315138929 | elapsed=4975.2s | eta=4975.2s
[k=17] prefix  51/100 done | 51.0% | partial=316282199 | elapsed=4977.2s | eta=4782.1s
[k=17] prefix  52/100 done | 52.0% | partial=315830777 | elapsed=4978.9s | eta=4595.9s
[k=17] prefix  53/100 done | 53.0% | partial=317176117 | elapsed=4981.4s | eta=4417.5s
[k=17] prefix  54/100 done | 54.0% | partial=315128671 | elapsed=4983.0s | eta=4244.8s
[k=17] prefix  55/100 done | 55.0% | partial=315387285 | elapsed=4984.4s | eta=4078.2s
[k=17] prefix  56/100 done | 56.0% | partial=316051770 | elapsed=4985.3s | eta=3917.0s
[k=17] prefix  57/100 done | 57.0% | partial=316578338 | elapsed=4988.4s | eta=3763.2s
[k=17] prefix  58/100 done | 58.0% | partial=315048771 | elapsed=4988.8s | eta=3612.6s
[k=17] prefix  59/100 done | 59.0% | partial=315482780 | elapsed=4993.2s | eta=3469.8s
[k=17] prefix  60/100 done | 60.0% | partial=314869556 | elapsed=4993.2s | eta=3328.8s
[k=17] prefix  61/100 done | 61.0% | partial=315711233 | elapsed=4995.8s | eta=3194.0s
[k=17] prefix  62/100 done | 62.0% | partial=316313445 | elapsed=4996.2s | eta=3062.2s
[k=17] prefix  63/100 done | 63.0% | partial=316752038 | elapsed=4998.0s | eta=2935.4s
[k=17] prefix  64/100 done | 64.0% | partial=315081462 | elapsed=5002.2s | eta=2813.7s
[k=17] prefix  65/100 done | 65.0% | partial=314686161 | elapsed=6211.2s | eta=3344.5s
[k=17] prefix  66/100 done | 66.0% | partial=316702483 | elapsed=6223.9s | eta=3206.2s
[k=17] prefix  67/100 done | 67.0% | partial=315864302 | elapsed=6224.8s | eta=3066.0s
[k=17] prefix  68/100 done | 68.0% | partial=315139355 | elapsed=6226.0s | eta=2929.9s
[k=17] prefix  69/100 done | 69.0% | partial=314479204 | elapsed=6227.1s | eta=2797.7s
[k=17] prefix  70/100 done | 70.0% | partial=316419746 | elapsed=6228.8s | eta=2669.5s
[k=17] prefix  71/100 done | 71.0% | partial=316282847 | elapsed=6230.2s | eta=2544.7s
[k=17] prefix  72/100 done | 72.0% | partial=316281559 | elapsed=6232.4s | eta=2423.7s
[k=17] prefix  73/100 done | 73.0% | partial=314289419 | elapsed=6233.9s | eta=2305.7s
[k=17] prefix  74/100 done | 74.0% | partial=315845681 | elapsed=6235.5s | eta=2190.9s
[k=17] prefix  75/100 done | 75.0% | partial=315108372 | elapsed=6236.2s | eta=2078.7s
[k=17] prefix  76/100 done | 76.0% | partial=313616137 | elapsed=6245.1s | eta=1972.1s
[k=17] prefix  77/100 done | 77.0% | partial=313437157 | elapsed=6246.9s | eta=1866.0s
[k=17] prefix  78/100 done | 78.0% | partial=313170822 | elapsed=6252.7s | eta=1763.6s
[k=17] prefix  79/100 done | 79.0% | partial=313280068 | elapsed=6253.9s | eta=1662.4s
[k=17] prefix  80/100 done | 80.0% | partial=313148770 | elapsed=6258.3s | eta=1564.6s
[k=17] prefix  81/100 done | 81.0% | partial=313899200 | elapsed=7468.9s | eta=1752.0s
[k=17] prefix  82/100 done | 82.0% | partial=313626423 | elapsed=7471.2s | eta=1640.0s
[k=17] prefix  83/100 done | 83.0% | partial=313243800 | elapsed=7472.4s | eta=1530.5s
[k=17] prefix  84/100 done | 84.0% | partial=312907258 | elapsed=7476.3s | eta=1424.1s
[k=17] prefix  85/100 done | 85.0% | partial=313024203 | elapsed=7477.5s | eta=1319.6s
[k=17] prefix  86/100 done | 86.0% | partial=314193869 | elapsed=7484.8s | eta=1218.5s
[k=17] prefix  87/100 done | 87.0% | partial=313901941 | elapsed=7486.6s | eta=1118.7s
[k=17] prefix  88/100 done | 88.0% | partial=313471774 | elapsed=7487.6s | eta=1021.0s
[k=17] prefix  89/100 done | 89.0% | partial=312987797 | elapsed=7488.0s | eta=925.5s
[k=17] prefix  90/100 done | 90.0% | partial=312695575 | elapsed=7491.0s | eta=832.3s
[k=17] prefix  91/100 done | 91.0% | partial=314322663 | elapsed=7493.8s | eta=741.1s
[k=17] prefix  92/100 done | 92.0% | partial=314129788 | elapsed=7496.3s | eta=651.9s
[k=17] prefix  93/100 done | 93.0% | partial=312540902 | elapsed=7498.3s | eta=564.4s
[k=17] prefix  94/100 done | 94.0% | partial=313670542 | elapsed=7500.0s | eta=478.7s
[k=17] prefix  95/100 done | 95.0% | partial=313096661 | elapsed=7503.6s | eta=394.9s
[k=17] prefix  96/100 done | 96.0% | partial=314161633 | elapsed=7513.7s | eta=313.1s
[k=17] prefix  97/100 done | 97.0% | partial=312415096 | elapsed=8423.6s | eta=260.5s
[k=17] prefix  98/100 done | 98.0% | partial=313160679 | elapsed=8424.5s | eta=171.9s
[k=17] prefix  99/100 done | 99.0% | partial=313777045 | elapsed=8425.4s | eta=85.1s
[k=17] prefix 100/100 done | 100.0% | partial=314194395 | elapsed=8425.4s | eta=0.0s
layer delta(17) = 31786251987
Wilson sanity: a(17)=40386401580 vs 40032305262 | rel=0.008768
RESULT a(17) = 40386401580 | elapsed=8425.430 s | backend=mont | bases=12
layer delta(17) = 31786251987
Wilson sanity: a(17)=40386401580 vs 40032305262 | rel=0.008768
RESULT a(17) = 40386401580 | elapsed=0.002 s | backend=mont | bases=12
