[k=18] prefix   1/100 done | 1.0% | partial=1523948935 | elapsed=5826.0s | eta=576774.3s
[k=18] prefix   2/100 done | 2.0% | partial=1526511027 | elapsed=5857.6s | eta=287023.9s
[k=18] prefix   3/100 done | 3.0% | partial=1525323582 | elapsed=5884.6s | eta=190269.9s
[k=18] prefix   4/100 done | 4.0% | partial=1530951737 | elapsed=5890.7s | eta=141376.8s
[k=18] prefix   5/100 done | 5.0% | partial=1527409139 | elapsed=5986.9s | eta=113752.0s
[k=18] prefix   6/100 done | 6.0% | partial=1522614895 | elapsed=6008.8s | eta=94137.1s
[k=18] prefix   7/100 done | 7.0% | partial=1528396332 | elapsed=6051.7s | eta=80401.1s
[k=18] prefix   8/100 done | 8.0% | partial=1528739607 | elapsed=6063.7s | eta=69732.4s
[k=18] prefix   9/100 done | 9.0% | partial=1531614786 | elapsed=6072.5s | eta=61399.6s
[k=18] prefix  10/100 done | 10.0% | partial=1531404227 | elapsed=6076.6s | eta=54689.3s
[k=18] prefix  11/100 done | 11.0% | partial=1531117274 | elapsed=6090.5s | eta=49277.3s
[k=18] prefix  12/100 done | 12.0% | partial=1531510932 | elapsed=6131.4s | eta=44963.8s
[k=18] prefix  13/100 done | 13.0% | partial=1526279462 | elapsed=6136.8s | eta=41069.4s
[k=18] prefix  14/100 done | 14.0% | partial=1528349418 | elapsed=6156.8s | eta=37820.1s
[k=18] prefix  15/100 done | 15.0% | partial=1526266855 | elapsed=11609.4s | eta=65786.5s
[k=18] prefix  16/100 done | 16.0% | partial=1520704225 | elapsed=11724.0s | eta=61551.2s
[k=18] prefix  17/100 done | 17.0% | partial=1504560365 | elapsed=11868.3s | eta=57945.2s
[k=18] prefix  18/100 done | 18.0% | partial=1519378435 | elapsed=11878.0s | eta=54111.0s
[k=18] prefix  19/100 done | 19.0% | partial=1519577908 | elapsed=12034.1s | eta=51303.3s
[k=18] prefix  20/100 done | 20.0% | partial=1517887140 | elapsed=12065.6s | eta=48262.2s
[k=18] prefix  21/100 done | 21.0% | partial=1522388045 | elapsed=12068.7s | eta=45401.5s
[k=18] prefix  22/100 done | 22.0% | partial=1505121648 | elapsed=12075.8s | eta=42814.1s
[k=18] prefix  23/100 done | 23.0% | partial=1521046089 | elapsed=12160.2s | eta=40710.3s
[k=18] prefix  24/100 done | 24.0% | partial=1517030491 | elapsed=12166.3s | eta=38526.6s
[k=18] prefix  25/100 done | 25.0% | partial=1523757295 | elapsed=12176.5s | eta=36529.5s
[k=18] prefix  26/100 done | 26.0% | partial=1504323214 | elapsed=12178.3s | eta=34661.3s
[k=18] prefix  27/100 done | 27.0% | partial=1524284254 | elapsed=12218.3s | eta=33034.5s
[k=18] prefix  28/100 done | 28.0% | partial=1522228360 | elapsed=12283.1s | eta=31585.1s
[k=18] prefix  29/100 done | 29.0% | partial=1504359854 | elapsed=17828.1s | eta=43648.1s
[k=18] prefix  30/100 done | 30.0% | partial=1502841563 | elapsed=17830.7s | eta=41605.0s
[k=18] prefix  31/100 done | 31.0% | partial=1504285257 | elapsed=17843.6s | eta=39716.4s
[k=18] prefix  32/100 done | 32.0% | partial=1502655499 | elapsed=17901.3s | eta=38040.2s
[k=18] prefix  33/100 done | 33.0% | partial=1502837591 | elapsed=17956.3s | eta=36456.8s
[k=18] prefix  34/100 done | 34.0% | partial=1500349824 | elapsed=18024.2s | eta=34988.1s
[k=18] prefix  35/100 done | 35.0% | partial=1503301597 | elapsed=18192.4s | eta=33785.9s
[k=18] prefix  36/100 done | 36.0% | partial=1502654691 | elapsed=18217.4s | eta=32386.5s
[k=18] prefix  37/100 done | 37.0% | partial=1503165441 | elapsed=18226.0s | eta=31033.4s
[k=18] prefix  38/100 done | 38.0% | partial=1503188015 | elapsed=18252.6s | eta=29780.5s
[k=18] prefix  39/100 done | 39.0% | partial=1502087378 | elapsed=18269.3s | eta=28575.1s
[k=18] prefix  40/100 done | 40.0% | partial=1501164367 | elapsed=18283.7s | eta=27425.6s
[k=18] prefix  41/100 done | 41.0% | partial=1498535355 | elapsed=18405.8s | eta=26486.4s
[k=18] prefix  42/100 done | 42.0% | partial=1499428888 | elapsed=18469.9s | eta=25506.1s
[k=18] prefix  43/100 done | 43.0% | partial=1501982599 | elapsed=23073.0s | eta=30585.2s
[k=18] prefix  44/100 done | 44.0% | partial=1500760100 | elapsed=23213.4s | eta=29544.3s
[k=18] prefix  45/100 done | 45.0% | partial=1497650030 | elapsed=23803.9s | eta=29093.6s
[k=18] prefix  46/100 done | 46.0% | partial=1496985468 | elapsed=23963.0s | eta=28130.4s
[k=18] prefix  47/100 done | 47.0% | partial=1502535187 | elapsed=24051.9s | eta=27122.3s
[k=18] prefix  48/100 done | 48.0% | partial=1499089444 | elapsed=24276.1s | eta=26299.1s
[k=18] prefix  49/100 done | 49.0% | partial=1487686159 | elapsed=24319.0s | eta=25311.6s
[k=18] prefix  50/100 done | 50.0% | partial=1500763169 | elapsed=24416.5s | eta=24416.5s
[k=18] prefix  51/100 done | 51.0% | partial=1502022099 | elapsed=24418.2s | eta=23460.6s
[k=18] prefix  52/100 done | 52.0% | partial=1487886072 | elapsed=24446.0s | eta=22565.6s
[k=18] prefix  53/100 done | 53.0% | partial=1490510398 | elapsed=24485.8s | eta=21713.9s
[k=18] prefix  54/100 done | 54.0% | partial=1488956448 | elapsed=24520.9s | eta=20888.2s
[k=18] prefix  55/100 done | 55.0% | partial=1488133689 | elapsed=24653.8s | eta=20171.3s
[k=18] prefix  56/100 done | 56.0% | partial=1489114447 | elapsed=24752.4s | eta=19448.3s
[k=18] prefix  57/100 done | 57.0% | partial=1487597240 | elapsed=28453.0s | eta=21464.5s
[k=18] prefix  58/100 done | 58.0% | partial=1488287941 | elapsed=29320.5s | eta=21232.1s
[k=18] prefix  59/100 done | 59.0% | partial=1487382323 | elapsed=29667.8s | eta=20616.6s
[k=18] prefix  60/100 done | 60.0% | partial=1487371327 | elapsed=29891.8s | eta=19927.9s
[k=18] prefix  61/100 done | 61.0% | partial=1487605341 | elapsed=30081.6s | eta=19232.5s
[k=18] prefix  62/100 done | 62.0% | partial=1487852144 | elapsed=30188.5s | eta=18502.6s
[k=18] prefix  63/100 done | 63.0% | partial=1487700599 | elapsed=30562.7s | eta=17949.5s
[k=18] prefix  64/100 done | 64.0% | partial=1487395331 | elapsed=30701.7s | eta=17269.7s
[k=18] prefix  65/100 done | 65.0% | partial=1487454233 | elapsed=30709.0s | eta=16535.6s
[k=18] prefix  66/100 done | 66.0% | partial=1486776894 | elapsed=30711.5s | eta=15821.1s
[k=18] prefix  67/100 done | 67.0% | partial=1487891191 | elapsed=30712.6s | eta=15127.1s
[k=18] prefix  68/100 done | 68.0% | partial=1486536191 | elapsed=30714.8s | eta=14454.0s
[k=18] prefix  69/100 done | 69.0% | partial=1487221741 | elapsed=30776.8s | eta=13827.3s
[k=18] prefix  70/100 done | 70.0% | partial=1487553975 | elapsed=30776.9s | eta=13190.1s
[k=18] prefix  71/100 done | 71.0% | partial=1485228503 | elapsed=34528.7s | eta=14103.3s
[k=18] prefix  72/100 done | 72.0% | partial=1485498297 | elapsed=35553.7s | eta=13826.4s
[k=18] prefix  73/100 done | 73.0% | partial=1480442363 | elapsed=35754.9s | eta=13224.4s
[k=18] prefix  74/100 done | 74.0% | partial=1486190284 | elapsed=35900.9s | eta=12613.8s
[k=18] prefix  75/100 done | 75.0% | partial=1487223697 | elapsed=36115.0s | eta=12038.3s
[k=18] prefix  76/100 done | 76.0% | partial=1479956686 | elapsed=36356.9s | eta=11481.1s
[k=18] prefix  77/100 done | 77.0% | partial=1488131570 | elapsed=36356.9s | eta=10859.8s
[k=18] prefix  78/100 done | 78.0% | partial=1478082124 | elapsed=36667.4s | eta=10342.1s
[k=18] prefix  79/100 done | 79.0% | partial=1475877985 | elapsed=36849.6s | eta=9795.5s
[k=18] prefix  80/100 done | 80.0% | partial=1476467660 | elapsed=36876.9s | eta=9219.2s
[k=18] prefix  81/100 done | 81.0% | partial=1476426501 | elapsed=36877.7s | eta=8650.3s
[k=18] prefix  82/100 done | 82.0% | partial=1478207138 | elapsed=36882.3s | eta=8096.1s
[k=18] prefix  83/100 done | 83.0% | partial=1476726396 | elapsed=36964.2s | eta=7571.0s
[k=18] prefix  84/100 done | 84.0% | partial=1475800803 | elapsed=37034.0s | eta=7054.1s
[k=18] prefix  85/100 done | 85.0% | partial=1475757008 | elapsed=40554.3s | eta=7156.6s
[k=18] prefix  86/100 done | 86.0% | partial=1477211966 | elapsed=41342.3s | eta=6730.1s
[k=18] prefix  87/100 done | 87.0% | partial=1479407362 | elapsed=41787.5s | eta=6244.1s
[k=18] prefix  88/100 done | 88.0% | partial=1478410426 | elapsed=42008.4s | eta=5728.4s
[k=18] prefix  89/100 done | 89.0% | partial=1476273241 | elapsed=42277.5s | eta=5225.3s
[k=18] prefix  90/100 done | 90.0% | partial=1477264767 | elapsed=42310.6s | eta=4701.2s
[k=18] prefix  91/100 done | 91.0% | partial=1475944470 | elapsed=42460.4s | eta=4199.4s
[k=18] prefix  92/100 done | 92.0% | partial=1478624454 | elapsed=42586.7s | eta=3703.2s
[k=18] prefix  93/100 done | 93.0% | partial=1478242645 | elapsed=42791.8s | eta=3220.9s
[k=18] prefix  94/100 done | 94.0% | partial=1476909714 | elapsed=42839.6s | eta=2734.4s
[k=18] prefix  95/100 done | 95.0% | partial=1477437884 | elapsed=42875.7s | eta=2256.6s
[k=18] prefix  96/100 done | 96.0% | partial=1476590684 | elapsed=43008.2s | eta=1792.0s
[k=18] prefix  97/100 done | 97.0% | partial=1477570625 | elapsed=43027.5s | eta=1330.7s
[k=18] prefix  98/100 done | 98.0% | partial=1477201015 | elapsed=43121.8s | eta=880.0s
[k=18] prefix  99/100 done | 99.0% | partial=1477096075 | elapsed=45780.1s | eta=462.4s
[k=18] prefix 100/100 done | 100.0% | partial=1477258530 | elapsed=46182.6s | eta=0.0s
layer delta(18) = 149799743650
Wilson sanity: a(18)=190186145230 vs 188750871946 | rel=0.007547
RESULT a(18) = 190186145230 | elapsed=46182.620 s | backend=mont | bases=12
